<?xml version="1.0" encoding="UTF-8"?>
<!-- Generated by org.testng.reporters.JUnitReportReporter -->
<testsuite skipped="0" hostname="Apium-2.local" name="com.discovery.discoveryplus.appium.testScenarios.TestScenarios" tests="4" failures="0" timestamp="09 May 2019 13:19:15 GMT" time="30.616" errors="0">
  <testcase name="verifyIfSplashScreenIsShownTest" time="0.302" classname="com.discovery.discoveryplus.appium.testScenarios.TestScenarios"/>
  <testcase name="verifySelectionOfSeasonsTest" time="10.599" classname="com.discovery.discoveryplus.appium.testScenarios.TestScenarios"/>
  <testcase name="verifySelectionofEpisodesTabTest" time="8.090" classname="com.discovery.discoveryplus.appium.testScenarios.TestScenarios"/>
  <testcase name="verifySelectionShortsTabTest" time="11.625" classname="com.discovery.discoveryplus.appium.testScenarios.TestScenarios"/>
</testsuite> <!-- com.discovery.discoveryplus.appium.testScenarios.TestScenarios -->
