<?xml version="1.0" encoding="UTF-8"?>
<testsuite xmlns:xsi="http://www.w3.org/2001/XMLSchema-instance" xsi:noNamespaceSchemaLocation="https://maven.apache.org/surefire/maven-surefire-plugin/xsd/surefire-test-report.xsd" name="com.robosoft.discoveryPoC.testScenarios.TestScenarios" time="86.107" tests="6" errors="0" skipped="1" failures="1">
  <properties>
    <property name="gopherProxySet" value="false"/>
    <property name="awt.toolkit" value="sun.lwawt.macosx.LWCToolkit"/>
    <property name="file.encoding.pkg" value="sun.io"/>
    <property name="java.specification.version" value="1.8"/>
    <property name="sun.cpu.isalist" value=""/>
    <property name="sun.jnu.encoding" value="UTF-8"/>
    <property name="java.class.path" value="/Users/nithinshetty/Documents/workspace/DiscoveryPoC/discoveryPoC/target/test-classes:/Users/nithinshetty/Documents/workspace/DiscoveryPoC/discoveryPoC/target/classes:/Users/nithinshetty/.m2/repository/io/appium/java-client/7.0.0/java-client-7.0.0.jar:/Users/nithinshetty/.m2/repository/org/seleniumhq/selenium/selenium-support/3.141.59/selenium-support-3.141.59.jar:/Users/nithinshetty/.m2/repository/org/seleniumhq/selenium/selenium-api/3.141.59/selenium-api-3.141.59.jar:/Users/nithinshetty/.m2/repository/com/google/code/gson/gson/2.8.5/gson-2.8.5.jar:/Users/nithinshetty/.m2/repository/org/apache/httpcomponents/httpclient/4.5.6/httpclient-4.5.6.jar:/Users/nithinshetty/.m2/repository/org/apache/httpcomponents/httpcore/4.4.10/httpcore-4.4.10.jar:/Users/nithinshetty/.m2/repository/commons-logging/commons-logging/1.2/commons-logging-1.2.jar:/Users/nithinshetty/.m2/repository/commons-codec/commons-codec/1.10/commons-codec-1.10.jar:/Users/nithinshetty/.m2/repository/cglib/cglib/3.2.8/cglib-3.2.8.jar:/Users/nithinshetty/.m2/repository/org/ow2/asm/asm/6.2.1/asm-6.2.1.jar:/Users/nithinshetty/.m2/repository/org/apache/ant/ant/1.10.3/ant-1.10.3.jar:/Users/nithinshetty/.m2/repository/org/apache/ant/ant-launcher/1.10.3/ant-launcher-1.10.3.jar:/Users/nithinshetty/.m2/repository/commons-validator/commons-validator/1.6/commons-validator-1.6.jar:/Users/nithinshetty/.m2/repository/commons-beanutils/commons-beanutils/1.9.2/commons-beanutils-1.9.2.jar:/Users/nithinshetty/.m2/repository/commons-digester/commons-digester/1.8.1/commons-digester-1.8.1.jar:/Users/nithinshetty/.m2/repository/commons-collections/commons-collections/3.2.2/commons-collections-3.2.2.jar:/Users/nithinshetty/.m2/repository/org/apache/commons/commons-lang3/3.8/commons-lang3-3.8.jar:/Users/nithinshetty/.m2/repository/commons-io/commons-io/2.6/commons-io-2.6.jar:/Users/nithinshetty/.m2/repository/org/springframework/spring-context/5.1.0.RELEASE/spring-context-5.1.0.RELEASE.jar:/Users/nithinshetty/.m2/repository/org/springframework/spring-aop/5.1.0.RELEASE/spring-aop-5.1.0.RELEASE.jar:/Users/nithinshetty/.m2/repository/org/springframework/spring-beans/5.1.0.RELEASE/spring-beans-5.1.0.RELEASE.jar:/Users/nithinshetty/.m2/repository/org/springframework/spring-core/5.1.0.RELEASE/spring-core-5.1.0.RELEASE.jar:/Users/nithinshetty/.m2/repository/org/springframework/spring-jcl/5.1.0.RELEASE/spring-jcl-5.1.0.RELEASE.jar:/Users/nithinshetty/.m2/repository/org/springframework/spring-expression/5.1.0.RELEASE/spring-expression-5.1.0.RELEASE.jar:/Users/nithinshetty/.m2/repository/org/aspectj/aspectjweaver/1.9.1/aspectjweaver-1.9.1.jar:/Users/nithinshetty/.m2/repository/org/slf4j/slf4j-api/1.7.25/slf4j-api-1.7.25.jar:/Users/nithinshetty/.m2/repository/com/comcast/magic-wand/appium/4.0.3/appium-4.0.3.jar:/Users/nithinshetty/.m2/repository/com/comcast/video/dawg/dawg-common/2.0.1/dawg-common-2.0.1.jar:/Users/nithinshetty/.m2/repository/com/comcast/video/stb-io-api/2.0.1/stb-io-api-2.0.1.jar:/Users/nithinshetty/.m2/repository/org/ini4j/ini4j/0.5.4/ini4j-0.5.4.jar:/Users/nithinshetty/.m2/repository/org/easymock/easymock/3.1/easymock-3.1.jar:/Users/nithinshetty/.m2/repository/cglib/cglib-nodep/2.2.2/cglib-nodep-2.2.2.jar:/Users/nithinshetty/.m2/repository/org/objenesis/objenesis/1.2/objenesis-1.2.jar:/Users/nithinshetty/.m2/repository/javax/servlet/servlet-api/2.5/servlet-api-2.5.jar:/Users/nithinshetty/.m2/repository/javax/servlet/jstl/1.2/jstl-1.2.jar:/Users/nithinshetty/.m2/repository/org/springframework/spring-oxm/3.2.14.RELEASE/spring-oxm-3.2.14.RELEASE.jar:/Users/nithinshetty/.m2/repository/org/springframework/spring-webmvc/3.2.14.RELEASE/spring-webmvc-3.2.14.RELEASE.jar:/Users/nithinshetty/.m2/repository/org/springframework/spring-web/3.2.14.RELEASE/spring-web-3.2.14.RELEASE.jar:/Users/nithinshetty/.m2/repository/org/springframework/spring-jdbc/3.2.14.RELEASE/spring-jdbc-3.2.14.RELEASE.jar:/Users/nithinshetty/.m2/repository/org/springframework/spring-tx/3.2.14.RELEASE/spring-tx-3.2.14.RELEASE.jar:/Users/nithinshetty/.m2/repository/org/springframework/spring-test/3.2.14.RELEASE/spring-test-3.2.14.RELEASE.jar:/Users/nithinshetty/.m2/repository/junit/junit/4.10/junit-4.10.jar:/Users/nithinshetty/.m2/repository/org/hamcrest/hamcrest-core/1.1/hamcrest-core-1.1.jar:/Users/nithinshetty/.m2/repository/org/aspectj/aspectjrt/1.7.0/aspectjrt-1.7.0.jar:/Users/nithinshetty/.m2/repository/org/slf4j/jcl-over-slf4j/1.7.1/jcl-over-slf4j-1.7.1.jar:/Users/nithinshetty/.m2/repository/commons-lang/commons-lang/2.6/commons-lang-2.6.jar:/Users/nithinshetty/.m2/repository/com/comcast/cereal/cereal/4.0.2/cereal-4.0.2.jar:/Users/nithinshetty/.m2/repository/org/yaml/snakeyaml/1.11/snakeyaml-1.11.jar:/Users/nithinshetty/.m2/repository/joda-time/joda-time/1.5/joda-time-1.5.jar:/Users/nithinshetty/.m2/repository/org/json/json/20140107/json-20140107.jar:/Users/nithinshetty/.m2/repository/org/codehaus/jackson/jackson-mapper-asl/1.9.12/jackson-mapper-asl-1.9.12.jar:/Users/nithinshetty/.m2/repository/org/codehaus/jackson/jackson-core-asl/1.9.12/jackson-core-asl-1.9.12.jar:/Users/nithinshetty/.m2/repository/com/comcast/pantry/pantry/2.0.8/pantry-2.0.8.jar:/Users/nithinshetty/.m2/repository/org/apache/commons/commons-compress/1.9/commons-compress-1.9.jar:/Users/nithinshetty/.m2/repository/log4j/log4j/1.2.17/log4j-1.2.17.jar:/Users/nithinshetty/.m2/repository/org/eclipse/jetty/websocket/websocket-client/9.1.0.M0/websocket-client-9.1.0.M0.jar:/Users/nithinshetty/.m2/repository/org/eclipse/jetty/jetty-util/9.1.0.M0/jetty-util-9.1.0.M0.jar:/Users/nithinshetty/.m2/repository/org/eclipse/jetty/jetty-io/9.1.0.M0/jetty-io-9.1.0.M0.jar:/Users/nithinshetty/.m2/repository/org/eclipse/jetty/websocket/websocket-common/9.1.0.M0/websocket-common-9.1.0.M0.jar:/Users/nithinshetty/.m2/repository/org/eclipse/jetty/websocket/websocket-api/9.1.0.M0/websocket-api-9.1.0.M0.jar:/Users/nithinshetty/.m2/repository/javax/inject/javax.inject/1/javax.inject-1.jar:/Users/nithinshetty/.m2/repository/org/springframework/data/spring-data-mongodb/1.5.4.RELEASE/spring-data-mongodb-1.5.4.RELEASE.jar:/Users/nithinshetty/.m2/repository/org/springframework/data/spring-data-commons/1.8.4.RELEASE/spring-data-commons-1.8.4.RELEASE.jar:/Users/nithinshetty/.m2/repository/org/mongodb/mongo-java-driver/2.12.1/mongo-java-driver-2.12.1.jar:/Users/nithinshetty/.m2/repository/taglibs/standard/1.1.2/standard-1.1.2.jar:/Users/nithinshetty/.m2/repository/eu/bitwalker/UserAgentUtils/1.18/UserAgentUtils-1.18.jar:/Users/nithinshetty/.m2/repository/org/eclipse/jetty/aggregate/jetty-all-server/7.6.7.v20120910/jetty-all-server-7.6.7.v20120910.jar:/Users/nithinshetty/.m2/repository/org/eclipse/jetty/orbit/javax.security.auth.message/1.0.0.v201108011116/javax.security.auth.message-1.0.0.v201108011116.jar:/Users/nithinshetty/.m2/repository/org/eclipse/jetty/orbit/javax.mail.glassfish/1.4.1.v201005082020/javax.mail.glassfish-1.4.1.v201005082020.jar:/Users/nithinshetty/.m2/repository/org/eclipse/jetty/orbit/javax.activation/1.1.0.v201105071233/javax.activation-1.1.0.v201105071233.jar:/Users/nithinshetty/.m2/repository/org/eclipse/jetty/orbit/javax.annotation/1.1.0.v201108011116/javax.annotation-1.1.0.v201108011116.jar:/Users/nithinshetty/.m2/repository/org/reflections/reflections/0.9.9-RC2/reflections-0.9.9-RC2.jar:/Users/nithinshetty/.m2/repository/org/javassist/javassist/3.18.2-GA/javassist-3.18.2-GA.jar:/Users/nithinshetty/.m2/repository/com/google/code/findbugs/annotations/2.0.1/annotations-2.0.1.jar:/Users/nithinshetty/.m2/repository/dom4j/dom4j/1.6.1/dom4j-1.6.1.jar:/Users/nithinshetty/.m2/repository/xml-apis/xml-apis/1.0.b2/xml-apis-1.0.b2.jar:/Users/nithinshetty/.m2/repository/com/comcast/video/dawg/dawg-client/2.0.1/dawg-client-2.0.1.jar:/Users/nithinshetty/.m2/repository/com/comcast/drivethru/drive-thru/2.0.3/drive-thru-2.0.3.jar:/Users/nithinshetty/.m2/repository/oauth/signpost/signpost-core/1.2.1/signpost-core-1.2.1.jar:/Users/nithinshetty/.m2/repository/oauth/signpost/signpost-commonshttp4/1.2.1/signpost-commonshttp4-1.2.1.jar:/Users/nithinshetty/.m2/repository/com/comcast/magic-wand/core/4.0.3/core-4.0.3.jar:/Users/nithinshetty/.m2/repository/ch/qos/logback/logback-classic/1.1.2/logback-classic-1.1.2.jar:/Users/nithinshetty/.m2/repository/ch/qos/logback/logback-core/1.1.2/logback-core-1.1.2.jar:/Users/nithinshetty/.m2/repository/org/seleniumhq/selenium/selenium-java/3.141.59/selenium-java-3.141.59.jar:/Users/nithinshetty/.m2/repository/org/seleniumhq/selenium/selenium-chrome-driver/3.141.59/selenium-chrome-driver-3.141.59.jar:/Users/nithinshetty/.m2/repository/org/seleniumhq/selenium/selenium-edge-driver/3.141.59/selenium-edge-driver-3.141.59.jar:/Users/nithinshetty/.m2/repository/org/seleniumhq/selenium/selenium-firefox-driver/3.141.59/selenium-firefox-driver-3.141.59.jar:/Users/nithinshetty/.m2/repository/org/seleniumhq/selenium/selenium-ie-driver/3.141.59/selenium-ie-driver-3.141.59.jar:/Users/nithinshetty/.m2/repository/org/seleniumhq/selenium/selenium-opera-driver/3.141.59/selenium-opera-driver-3.141.59.jar:/Users/nithinshetty/.m2/repository/org/seleniumhq/selenium/selenium-remote-driver/3.141.59/selenium-remote-driver-3.141.59.jar:/Users/nithinshetty/.m2/repository/org/seleniumhq/selenium/selenium-safari-driver/3.141.59/selenium-safari-driver-3.141.59.jar:/Users/nithinshetty/.m2/repository/net/bytebuddy/byte-buddy/1.8.15/byte-buddy-1.8.15.jar:/Users/nithinshetty/.m2/repository/org/apache/commons/commons-exec/1.3/commons-exec-1.3.jar:/Users/nithinshetty/.m2/repository/com/google/guava/guava/25.0-jre/guava-25.0-jre.jar:/Users/nithinshetty/.m2/repository/com/google/code/findbugs/jsr305/1.3.9/jsr305-1.3.9.jar:/Users/nithinshetty/.m2/repository/org/checkerframework/checker-compat-qual/2.0.0/checker-compat-qual-2.0.0.jar:/Users/nithinshetty/.m2/repository/com/google/errorprone/error_prone_annotations/2.1.3/error_prone_annotations-2.1.3.jar:/Users/nithinshetty/.m2/repository/com/google/j2objc/j2objc-annotations/1.1/j2objc-annotations-1.1.jar:/Users/nithinshetty/.m2/repository/org/codehaus/mojo/animal-sniffer-annotations/1.14/animal-sniffer-annotations-1.14.jar:/Users/nithinshetty/.m2/repository/com/squareup/okhttp3/okhttp/3.11.0/okhttp-3.11.0.jar:/Users/nithinshetty/.m2/repository/com/squareup/okio/okio/1.14.0/okio-1.14.0.jar:/Users/nithinshetty/.m2/repository/org/testng/testng/6.14.3/testng-6.14.3.jar:/Users/nithinshetty/.m2/repository/com/beust/jcommander/1.72/jcommander-1.72.jar:/Users/nithinshetty/.m2/repository/org/apache-extras/beanshell/bsh/2.0b6/bsh-2.0b6.jar:/Users/nithinshetty/.m2/repository/com/relevantcodes/extentreports/2.41.2/extentreports-2.41.2.jar:/Users/nithinshetty/.m2/repository/org/jsoup/jsoup/1.8.3/jsoup-1.8.3.jar:/Users/nithinshetty/.m2/repository/org/xerial/sqlite-jdbc/3.8.11.1/sqlite-jdbc-3.8.11.1.jar:/Users/nithinshetty/.m2/repository/org/freemarker/freemarker/2.3.23/freemarker-2.3.23.jar:/Users/nithinshetty/.m2/repository/org/mongodb/mongodb-driver/3.0.4/mongodb-driver-3.0.4.jar:/Users/nithinshetty/.m2/repository/org/mongodb/bson/3.0.4/bson-3.0.4.jar:/Users/nithinshetty/.m2/repository/org/mongodb/mongodb-driver-core/3.0.4/mongodb-driver-core-3.0.4.jar:"/>
    <property name="java.vm.vendor" value="Oracle Corporation"/>
    <property name="sun.arch.data.model" value="64"/>
    <property name="java.vendor.url" value="http://java.oracle.com/"/>
    <property name="user.timezone" value=""/>
    <property name="user.country.format" value="IN"/>
    <property name="java.vm.specification.version" value="1.8"/>
    <property name="os.name" value="Mac OS X"/>
    <property name="user.country" value="US"/>
    <property name="sun.java.launcher" value="SUN_STANDARD"/>
    <property name="sun.boot.library.path" value="/Library/Java/JavaVirtualMachines/jdk1.8.0_91.jdk/Contents/Home/jre/lib"/>
    <property name="sun.java.command" value="/Users/nithinshetty/Documents/workspace/DiscoveryPoC/discoveryPoC/target/surefire/surefirebooter7812415525191838392.jar /Users/nithinshetty/Documents/workspace/DiscoveryPoC/discoveryPoC/target/surefire 2019-05-07T11-14-18_697-jvmRun1 surefire1087354345011365154tmp surefire_0379264735424470319tmp"/>
    <property name="http.nonProxyHosts" value="local|*.local|169.254/16|*.169.254/16"/>
    <property name="surefire.test.class.path" value="/Users/nithinshetty/Documents/workspace/DiscoveryPoC/discoveryPoC/target/test-classes:/Users/nithinshetty/Documents/workspace/DiscoveryPoC/discoveryPoC/target/classes:/Users/nithinshetty/.m2/repository/io/appium/java-client/7.0.0/java-client-7.0.0.jar:/Users/nithinshetty/.m2/repository/org/seleniumhq/selenium/selenium-support/3.141.59/selenium-support-3.141.59.jar:/Users/nithinshetty/.m2/repository/org/seleniumhq/selenium/selenium-api/3.141.59/selenium-api-3.141.59.jar:/Users/nithinshetty/.m2/repository/com/google/code/gson/gson/2.8.5/gson-2.8.5.jar:/Users/nithinshetty/.m2/repository/org/apache/httpcomponents/httpclient/4.5.6/httpclient-4.5.6.jar:/Users/nithinshetty/.m2/repository/org/apache/httpcomponents/httpcore/4.4.10/httpcore-4.4.10.jar:/Users/nithinshetty/.m2/repository/commons-logging/commons-logging/1.2/commons-logging-1.2.jar:/Users/nithinshetty/.m2/repository/commons-codec/commons-codec/1.10/commons-codec-1.10.jar:/Users/nithinshetty/.m2/repository/cglib/cglib/3.2.8/cglib-3.2.8.jar:/Users/nithinshetty/.m2/repository/org/ow2/asm/asm/6.2.1/asm-6.2.1.jar:/Users/nithinshetty/.m2/repository/org/apache/ant/ant/1.10.3/ant-1.10.3.jar:/Users/nithinshetty/.m2/repository/org/apache/ant/ant-launcher/1.10.3/ant-launcher-1.10.3.jar:/Users/nithinshetty/.m2/repository/commons-validator/commons-validator/1.6/commons-validator-1.6.jar:/Users/nithinshetty/.m2/repository/commons-beanutils/commons-beanutils/1.9.2/commons-beanutils-1.9.2.jar:/Users/nithinshetty/.m2/repository/commons-digester/commons-digester/1.8.1/commons-digester-1.8.1.jar:/Users/nithinshetty/.m2/repository/commons-collections/commons-collections/3.2.2/commons-collections-3.2.2.jar:/Users/nithinshetty/.m2/repository/org/apache/commons/commons-lang3/3.8/commons-lang3-3.8.jar:/Users/nithinshetty/.m2/repository/commons-io/commons-io/2.6/commons-io-2.6.jar:/Users/nithinshetty/.m2/repository/org/springframework/spring-context/5.1.0.RELEASE/spring-context-5.1.0.RELEASE.jar:/Users/nithinshetty/.m2/repository/org/springframework/spring-aop/5.1.0.RELEASE/spring-aop-5.1.0.RELEASE.jar:/Users/nithinshetty/.m2/repository/org/springframework/spring-beans/5.1.0.RELEASE/spring-beans-5.1.0.RELEASE.jar:/Users/nithinshetty/.m2/repository/org/springframework/spring-core/5.1.0.RELEASE/spring-core-5.1.0.RELEASE.jar:/Users/nithinshetty/.m2/repository/org/springframework/spring-jcl/5.1.0.RELEASE/spring-jcl-5.1.0.RELEASE.jar:/Users/nithinshetty/.m2/repository/org/springframework/spring-expression/5.1.0.RELEASE/spring-expression-5.1.0.RELEASE.jar:/Users/nithinshetty/.m2/repository/org/aspectj/aspectjweaver/1.9.1/aspectjweaver-1.9.1.jar:/Users/nithinshetty/.m2/repository/org/slf4j/slf4j-api/1.7.25/slf4j-api-1.7.25.jar:/Users/nithinshetty/.m2/repository/com/comcast/magic-wand/appium/4.0.3/appium-4.0.3.jar:/Users/nithinshetty/.m2/repository/com/comcast/video/dawg/dawg-common/2.0.1/dawg-common-2.0.1.jar:/Users/nithinshetty/.m2/repository/com/comcast/video/stb-io-api/2.0.1/stb-io-api-2.0.1.jar:/Users/nithinshetty/.m2/repository/org/ini4j/ini4j/0.5.4/ini4j-0.5.4.jar:/Users/nithinshetty/.m2/repository/org/easymock/easymock/3.1/easymock-3.1.jar:/Users/nithinshetty/.m2/repository/cglib/cglib-nodep/2.2.2/cglib-nodep-2.2.2.jar:/Users/nithinshetty/.m2/repository/org/objenesis/objenesis/1.2/objenesis-1.2.jar:/Users/nithinshetty/.m2/repository/javax/servlet/servlet-api/2.5/servlet-api-2.5.jar:/Users/nithinshetty/.m2/repository/javax/servlet/jstl/1.2/jstl-1.2.jar:/Users/nithinshetty/.m2/repository/org/springframework/spring-oxm/3.2.14.RELEASE/spring-oxm-3.2.14.RELEASE.jar:/Users/nithinshetty/.m2/repository/org/springframework/spring-webmvc/3.2.14.RELEASE/spring-webmvc-3.2.14.RELEASE.jar:/Users/nithinshetty/.m2/repository/org/springframework/spring-web/3.2.14.RELEASE/spring-web-3.2.14.RELEASE.jar:/Users/nithinshetty/.m2/repository/org/springframework/spring-jdbc/3.2.14.RELEASE/spring-jdbc-3.2.14.RELEASE.jar:/Users/nithinshetty/.m2/repository/org/springframework/spring-tx/3.2.14.RELEASE/spring-tx-3.2.14.RELEASE.jar:/Users/nithinshetty/.m2/repository/org/springframework/spring-test/3.2.14.RELEASE/spring-test-3.2.14.RELEASE.jar:/Users/nithinshetty/.m2/repository/junit/junit/4.10/junit-4.10.jar:/Users/nithinshetty/.m2/repository/org/hamcrest/hamcrest-core/1.1/hamcrest-core-1.1.jar:/Users/nithinshetty/.m2/repository/org/aspectj/aspectjrt/1.7.0/aspectjrt-1.7.0.jar:/Users/nithinshetty/.m2/repository/org/slf4j/jcl-over-slf4j/1.7.1/jcl-over-slf4j-1.7.1.jar:/Users/nithinshetty/.m2/repository/commons-lang/commons-lang/2.6/commons-lang-2.6.jar:/Users/nithinshetty/.m2/repository/com/comcast/cereal/cereal/4.0.2/cereal-4.0.2.jar:/Users/nithinshetty/.m2/repository/org/yaml/snakeyaml/1.11/snakeyaml-1.11.jar:/Users/nithinshetty/.m2/repository/joda-time/joda-time/1.5/joda-time-1.5.jar:/Users/nithinshetty/.m2/repository/org/json/json/20140107/json-20140107.jar:/Users/nithinshetty/.m2/repository/org/codehaus/jackson/jackson-mapper-asl/1.9.12/jackson-mapper-asl-1.9.12.jar:/Users/nithinshetty/.m2/repository/org/codehaus/jackson/jackson-core-asl/1.9.12/jackson-core-asl-1.9.12.jar:/Users/nithinshetty/.m2/repository/com/comcast/pantry/pantry/2.0.8/pantry-2.0.8.jar:/Users/nithinshetty/.m2/repository/org/apache/commons/commons-compress/1.9/commons-compress-1.9.jar:/Users/nithinshetty/.m2/repository/log4j/log4j/1.2.17/log4j-1.2.17.jar:/Users/nithinshetty/.m2/repository/org/eclipse/jetty/websocket/websocket-client/9.1.0.M0/websocket-client-9.1.0.M0.jar:/Users/nithinshetty/.m2/repository/org/eclipse/jetty/jetty-util/9.1.0.M0/jetty-util-9.1.0.M0.jar:/Users/nithinshetty/.m2/repository/org/eclipse/jetty/jetty-io/9.1.0.M0/jetty-io-9.1.0.M0.jar:/Users/nithinshetty/.m2/repository/org/eclipse/jetty/websocket/websocket-common/9.1.0.M0/websocket-common-9.1.0.M0.jar:/Users/nithinshetty/.m2/repository/org/eclipse/jetty/websocket/websocket-api/9.1.0.M0/websocket-api-9.1.0.M0.jar:/Users/nithinshetty/.m2/repository/javax/inject/javax.inject/1/javax.inject-1.jar:/Users/nithinshetty/.m2/repository/org/springframework/data/spring-data-mongodb/1.5.4.RELEASE/spring-data-mongodb-1.5.4.RELEASE.jar:/Users/nithinshetty/.m2/repository/org/springframework/data/spring-data-commons/1.8.4.RELEASE/spring-data-commons-1.8.4.RELEASE.jar:/Users/nithinshetty/.m2/repository/org/mongodb/mongo-java-driver/2.12.1/mongo-java-driver-2.12.1.jar:/Users/nithinshetty/.m2/repository/taglibs/standard/1.1.2/standard-1.1.2.jar:/Users/nithinshetty/.m2/repository/eu/bitwalker/UserAgentUtils/1.18/UserAgentUtils-1.18.jar:/Users/nithinshetty/.m2/repository/org/eclipse/jetty/aggregate/jetty-all-server/7.6.7.v20120910/jetty-all-server-7.6.7.v20120910.jar:/Users/nithinshetty/.m2/repository/org/eclipse/jetty/orbit/javax.security.auth.message/1.0.0.v201108011116/javax.security.auth.message-1.0.0.v201108011116.jar:/Users/nithinshetty/.m2/repository/org/eclipse/jetty/orbit/javax.mail.glassfish/1.4.1.v201005082020/javax.mail.glassfish-1.4.1.v201005082020.jar:/Users/nithinshetty/.m2/repository/org/eclipse/jetty/orbit/javax.activation/1.1.0.v201105071233/javax.activation-1.1.0.v201105071233.jar:/Users/nithinshetty/.m2/repository/org/eclipse/jetty/orbit/javax.annotation/1.1.0.v201108011116/javax.annotation-1.1.0.v201108011116.jar:/Users/nithinshetty/.m2/repository/org/reflections/reflections/0.9.9-RC2/reflections-0.9.9-RC2.jar:/Users/nithinshetty/.m2/repository/org/javassist/javassist/3.18.2-GA/javassist-3.18.2-GA.jar:/Users/nithinshetty/.m2/repository/com/google/code/findbugs/annotations/2.0.1/annotations-2.0.1.jar:/Users/nithinshetty/.m2/repository/dom4j/dom4j/1.6.1/dom4j-1.6.1.jar:/Users/nithinshetty/.m2/repository/xml-apis/xml-apis/1.0.b2/xml-apis-1.0.b2.jar:/Users/nithinshetty/.m2/repository/com/comcast/video/dawg/dawg-client/2.0.1/dawg-client-2.0.1.jar:/Users/nithinshetty/.m2/repository/com/comcast/drivethru/drive-thru/2.0.3/drive-thru-2.0.3.jar:/Users/nithinshetty/.m2/repository/oauth/signpost/signpost-core/1.2.1/signpost-core-1.2.1.jar:/Users/nithinshetty/.m2/repository/oauth/signpost/signpost-commonshttp4/1.2.1/signpost-commonshttp4-1.2.1.jar:/Users/nithinshetty/.m2/repository/com/comcast/magic-wand/core/4.0.3/core-4.0.3.jar:/Users/nithinshetty/.m2/repository/ch/qos/logback/logback-classic/1.1.2/logback-classic-1.1.2.jar:/Users/nithinshetty/.m2/repository/ch/qos/logback/logback-core/1.1.2/logback-core-1.1.2.jar:/Users/nithinshetty/.m2/repository/org/seleniumhq/selenium/selenium-java/3.141.59/selenium-java-3.141.59.jar:/Users/nithinshetty/.m2/repository/org/seleniumhq/selenium/selenium-chrome-driver/3.141.59/selenium-chrome-driver-3.141.59.jar:/Users/nithinshetty/.m2/repository/org/seleniumhq/selenium/selenium-edge-driver/3.141.59/selenium-edge-driver-3.141.59.jar:/Users/nithinshetty/.m2/repository/org/seleniumhq/selenium/selenium-firefox-driver/3.141.59/selenium-firefox-driver-3.141.59.jar:/Users/nithinshetty/.m2/repository/org/seleniumhq/selenium/selenium-ie-driver/3.141.59/selenium-ie-driver-3.141.59.jar:/Users/nithinshetty/.m2/repository/org/seleniumhq/selenium/selenium-opera-driver/3.141.59/selenium-opera-driver-3.141.59.jar:/Users/nithinshetty/.m2/repository/org/seleniumhq/selenium/selenium-remote-driver/3.141.59/selenium-remote-driver-3.141.59.jar:/Users/nithinshetty/.m2/repository/org/seleniumhq/selenium/selenium-safari-driver/3.141.59/selenium-safari-driver-3.141.59.jar:/Users/nithinshetty/.m2/repository/net/bytebuddy/byte-buddy/1.8.15/byte-buddy-1.8.15.jar:/Users/nithinshetty/.m2/repository/org/apache/commons/commons-exec/1.3/commons-exec-1.3.jar:/Users/nithinshetty/.m2/repository/com/google/guava/guava/25.0-jre/guava-25.0-jre.jar:/Users/nithinshetty/.m2/repository/com/google/code/findbugs/jsr305/1.3.9/jsr305-1.3.9.jar:/Users/nithinshetty/.m2/repository/org/checkerframework/checker-compat-qual/2.0.0/checker-compat-qual-2.0.0.jar:/Users/nithinshetty/.m2/repository/com/google/errorprone/error_prone_annotations/2.1.3/error_prone_annotations-2.1.3.jar:/Users/nithinshetty/.m2/repository/com/google/j2objc/j2objc-annotations/1.1/j2objc-annotations-1.1.jar:/Users/nithinshetty/.m2/repository/org/codehaus/mojo/animal-sniffer-annotations/1.14/animal-sniffer-annotations-1.14.jar:/Users/nithinshetty/.m2/repository/com/squareup/okhttp3/okhttp/3.11.0/okhttp-3.11.0.jar:/Users/nithinshetty/.m2/repository/com/squareup/okio/okio/1.14.0/okio-1.14.0.jar:/Users/nithinshetty/.m2/repository/org/testng/testng/6.14.3/testng-6.14.3.jar:/Users/nithinshetty/.m2/repository/com/beust/jcommander/1.72/jcommander-1.72.jar:/Users/nithinshetty/.m2/repository/org/apache-extras/beanshell/bsh/2.0b6/bsh-2.0b6.jar:/Users/nithinshetty/.m2/repository/com/relevantcodes/extentreports/2.41.2/extentreports-2.41.2.jar:/Users/nithinshetty/.m2/repository/org/jsoup/jsoup/1.8.3/jsoup-1.8.3.jar:/Users/nithinshetty/.m2/repository/org/xerial/sqlite-jdbc/3.8.11.1/sqlite-jdbc-3.8.11.1.jar:/Users/nithinshetty/.m2/repository/org/freemarker/freemarker/2.3.23/freemarker-2.3.23.jar:/Users/nithinshetty/.m2/repository/org/mongodb/mongodb-driver/3.0.4/mongodb-driver-3.0.4.jar:/Users/nithinshetty/.m2/repository/org/mongodb/bson/3.0.4/bson-3.0.4.jar:/Users/nithinshetty/.m2/repository/org/mongodb/mongodb-driver-core/3.0.4/mongodb-driver-core-3.0.4.jar:"/>
    <property name="sun.cpu.endian" value="little"/>
    <property name="user.home" value="/Users/nithinshetty"/>
    <property name="user.language" value="en"/>
    <property name="java.specification.vendor" value="Oracle Corporation"/>
    <property name="java.home" value="/Library/Java/JavaVirtualMachines/jdk1.8.0_91.jdk/Contents/Home/jre"/>
    <property name="basedir" value="/Users/nithinshetty/Documents/workspace/DiscoveryPoC/discoveryPoC"/>
    <property name="file.separator" value="/"/>
    <property name="line.separator" value="&#10;"/>
    <property name="java.vm.specification.vendor" value="Oracle Corporation"/>
    <property name="java.specification.name" value="Java Platform API Specification"/>
    <property name="java.awt.graphicsenv" value="sun.awt.CGraphicsEnvironment"/>
    <property name="surefire.real.class.path" value="/Users/nithinshetty/Documents/workspace/DiscoveryPoC/discoveryPoC/target/surefire/surefirebooter7812415525191838392.jar"/>
    <property name="sun.boot.class.path" value="/Library/Java/JavaVirtualMachines/jdk1.8.0_91.jdk/Contents/Home/jre/lib/resources.jar:/Library/Java/JavaVirtualMachines/jdk1.8.0_91.jdk/Contents/Home/jre/lib/rt.jar:/Library/Java/JavaVirtualMachines/jdk1.8.0_91.jdk/Contents/Home/jre/lib/sunrsasign.jar:/Library/Java/JavaVirtualMachines/jdk1.8.0_91.jdk/Contents/Home/jre/lib/jsse.jar:/Library/Java/JavaVirtualMachines/jdk1.8.0_91.jdk/Contents/Home/jre/lib/jce.jar:/Library/Java/JavaVirtualMachines/jdk1.8.0_91.jdk/Contents/Home/jre/lib/charsets.jar:/Library/Java/JavaVirtualMachines/jdk1.8.0_91.jdk/Contents/Home/jre/lib/jfr.jar:/Library/Java/JavaVirtualMachines/jdk1.8.0_91.jdk/Contents/Home/jre/classes"/>
    <property name="sun.management.compiler" value="HotSpot 64-Bit Tiered Compilers"/>
    <property name="ftp.nonProxyHosts" value="local|*.local|169.254/16|*.169.254/16"/>
    <property name="java.runtime.version" value="1.8.0_91-b14"/>
    <property name="user.name" value="nithinshetty"/>
    <property name="path.separator" value=":"/>
    <property name="os.version" value="10.12.6"/>
    <property name="java.endorsed.dirs" value="/Library/Java/JavaVirtualMachines/jdk1.8.0_91.jdk/Contents/Home/jre/lib/endorsed"/>
    <property name="java.runtime.name" value="Java(TM) SE Runtime Environment"/>
    <property name="file.encoding" value="UTF-8"/>
    <property name="java.vm.name" value="Java HotSpot(TM) 64-Bit Server VM"/>
    <property name="localRepository" value="/Users/nithinshetty/.m2/repository"/>
    <property name="java.vendor.url.bug" value="http://bugreport.sun.com/bugreport/"/>
    <property name="java.io.tmpdir" value="/var/folders/__/k9tw064n2sdf8_f527rwvfr00000gn/T/"/>
    <property name="java.version" value="1.8.0_91"/>
    <property name="user.dir" value="/Users/nithinshetty/Documents/workspace/DiscoveryPoC/discoveryPoC"/>
    <property name="os.arch" value="x86_64"/>
    <property name="java.vm.specification.name" value="Java Virtual Machine Specification"/>
    <property name="java.awt.printerjob" value="sun.lwawt.macosx.CPrinterJob"/>
    <property name="sun.os.patch.level" value="unknown"/>
    <property name="java.library.path" value="/Users/nithinshetty/Library/Java/Extensions:/Library/Java/Extensions:/Network/Library/Java/Extensions:/System/Library/Java/Extensions:/usr/lib/java:."/>
    <property name="java.vm.info" value="mixed mode"/>
    <property name="java.vendor" value="Oracle Corporation"/>
    <property name="java.vm.version" value="25.91-b14"/>
    <property name="java.ext.dirs" value="/Users/nithinshetty/Library/Java/Extensions:/Library/Java/JavaVirtualMachines/jdk1.8.0_91.jdk/Contents/Home/jre/lib/ext:/Library/Java/Extensions:/Network/Library/Java/Extensions:/System/Library/Java/Extensions:/usr/lib/java"/>
    <property name="sun.io.unicode.encoding" value="UnicodeBig"/>
    <property name="java.class.version" value="52.0"/>
    <property name="socksNonProxyHosts" value="local|*.local|169.254/16|*.169.254/16"/>
  </properties>
  <testcase name="verifyIfSplashScreenIsShownTest" classname="com.robosoft.discoveryPoC.testScenarios.TestScenarios" time="0.292"/>
  <testcase name="verifySelectionOfSeasonsTest" classname="com.robosoft.discoveryPoC.testScenarios.TestScenarios" time="12.108"/>
  <testcase name="verifySelectionofEpisodesTabTest" classname="com.robosoft.discoveryPoC.testScenarios.TestScenarios" time="7.71"/>
  <testcase name="verifySelectionShortsTabTest" classname="com.robosoft.discoveryPoC.testScenarios.TestScenarios" time="12.014"/>
  <testcase name="verifyIfPremiumContentBadgeIsShownTest" classname="com.robosoft.discoveryPoC.testScenarios.TestScenarios" time="15.769">
    <failure message="An element could not be located on the page using the given search parameters.&#10;For documentation on this error, please visit: https://www.seleniumhq.org/exceptions/no_such_element.html&#10;Build info: version: &apos;3.141.59&apos;, revision: &apos;e82be7d358&apos;, time: &apos;2018-11-14T08:17:03&apos;&#10;System info: host: &apos;Apium-2.local&apos;, ip: &apos;fe80:0:0:0:1069:1678:32bf:7985%en0&apos;, os.name: &apos;Mac OS X&apos;, os.arch: &apos;x86_64&apos;, os.version: &apos;10.12.6&apos;, java.version: &apos;1.8.0_91&apos;&#10;Driver info: io.appium.java_client.AppiumDriver&#10;Capabilities {app: /Users/nithinshetty/Downloa..., appActivity: com.discovery.discoveryplus..., appPackage: com.discovery.discoveryplus, databaseEnabled: false, desired: {app: /Users/nithinshetty/Downloa..., appActivity: com.discovery.discoveryplus..., appPackage: com.discovery.discoveryplus, deviceName: emulator-5554, platformName: android}, deviceManufacturer: Google, deviceModel: Android SDK built for x86, deviceName: emulator-5554, deviceScreenSize: 1080x1920, deviceUDID: emulator-5554, javascriptEnabled: true, locationContextEnabled: false, networkConnectionEnabled: true, platform: LINUX, platformName: LINUX, platformVersion: 9, takesScreenshot: true, warnings: {}, webStorageEnabled: false}&#10;Session ID: e06385e7-5581-4342-becd-8166517f8239&#10;*** Element info: {Using=id, value=com.discovery.discoveryplus:id/premium_badge}" type="org.openqa.selenium.NoSuchElementException">org.openqa.selenium.NoSuchElementException: 
An element could not be located on the page using the given search parameters.
For documentation on this error, please visit: https://www.seleniumhq.org/exceptions/no_such_element.html
Build info: version: '3.141.59', revision: 'e82be7d358', time: '2018-11-14T08:17:03'
System info: host: 'Apium-2.local', ip: 'fe80:0:0:0:1069:1678:32bf:7985%en0', os.name: 'Mac OS X', os.arch: 'x86_64', os.version: '10.12.6', java.version: '1.8.0_91'
Driver info: io.appium.java_client.AppiumDriver
Capabilities {app: /Users/nithinshetty/Downloa..., appActivity: com.discovery.discoveryplus..., appPackage: com.discovery.discoveryplus, databaseEnabled: false, desired: {app: /Users/nithinshetty/Downloa..., appActivity: com.discovery.discoveryplus..., appPackage: com.discovery.discoveryplus, deviceName: emulator-5554, platformName: android}, deviceManufacturer: Google, deviceModel: Android SDK built for x86, deviceName: emulator-5554, deviceScreenSize: 1080x1920, deviceUDID: emulator-5554, javascriptEnabled: true, locationContextEnabled: false, networkConnectionEnabled: true, platform: LINUX, platformName: LINUX, platformVersion: 9, takesScreenshot: true, warnings: {}, webStorageEnabled: false}
Session ID: e06385e7-5581-4342-becd-8166517f8239
*** Element info: {Using=id, value=com.discovery.discoveryplus:id/premium_badge}
	at com.robosoft.discoveryPoC.testScenarios.TestScenarios.verifyIfPremiumContentBadgeIsShownTest(TestScenarios.java:92)
</failure>
  </testcase>
  <testcase name="verifyTraditionalLoginTest" classname="com.robosoft.discoveryPoC.testScenarios.TestScenarios" time="0">
    <skipped message="Skipping - This content is Non-Premium. Hence Login is not required "/>
  </testcase>
</testsuite>